  uic ChatClient.ui
  rcc ChatClient.qrc
  moc LikeItem.h
  moc ChatClient.h
  moc client.h
  moc UserItem.h
  moc ConfigService.h
  moc ChatItem.h
  moc ChatWModel.h
  moc ChatWView.h
  moc ChatWDelegate.h
  moc MessageItem.h
  moc MessageWView.h
  moc MessageWModel.h
  moc MessageWDelegate.h
  ChatWDelegate.cpp
  ChatWModel.cpp
  ChatWView.cpp
  MessageWDelegate.cpp
  MessageWModel.cpp
  MessageWView.cpp
  ChatClient.cpp
  client.cpp
  main.cpp
  qrc_ChatClient.cpp
  moc_LikeItem.cpp
  moc_ChatClient.cpp
  moc_client.cpp
  moc_UserItem.cpp
  moc_ConfigService.cpp
  moc_ChatItem.cpp
  moc_ChatWModel.cpp
  moc_ChatWView.cpp
  moc_ChatWDelegate.cpp
  moc_MessageItem.cpp
  moc_MessageWView.cpp
  moc_MessageWModel.cpp
  moc_MessageWDelegate.cpp
  ChatClient.vcxproj -> C:\01_MasaStudying\21_FinalProject\project\InetChat\x64\Debug\ChatClient\ChatClient.exe
