c:\01_masastudying\21_finalproject\project\inetchat\chat_client\x64\debug\uic\ui_chatclient.h
c:\01_masastudying\21_finalproject\project\inetchat\chat_client\x64\debug\rcc\qrc_chatclient.cpp
c:\01_masastudying\21_finalproject\project\inetchat\chat_client\x64\debug\moc\moc_likeitem.cpp
c:\01_masastudying\21_finalproject\project\inetchat\chat_client\x64\debug\moc\moc_chatclient.cpp
c:\01_masastudying\21_finalproject\project\inetchat\chat_client\x64\debug\moc\moc_client.cpp
c:\01_masastudying\21_finalproject\project\inetchat\chat_client\x64\debug\moc\moc_useritem.cpp
c:\01_masastudying\21_finalproject\project\inetchat\chat_client\x64\debug\moc\moc_configservice.cpp
c:\01_masastudying\21_finalproject\project\inetchat\chat_client\x64\debug\moc\moc_chatitem.cpp
c:\01_masastudying\21_finalproject\project\inetchat\chat_client\x64\debug\moc\moc_chatwmodel.cpp
c:\01_masastudying\21_finalproject\project\inetchat\chat_client\x64\debug\moc\moc_chatwview.cpp
c:\01_masastudying\21_finalproject\project\inetchat\chat_client\x64\debug\moc\moc_chatwdelegate.cpp
c:\01_masastudying\21_finalproject\project\inetchat\chat_client\x64\debug\moc\moc_messageitem.cpp
c:\01_masastudying\21_finalproject\project\inetchat\chat_client\x64\debug\moc\moc_messagewview.cpp
c:\01_masastudying\21_finalproject\project\inetchat\chat_client\x64\debug\moc\moc_messagewmodel.cpp
c:\01_masastudying\21_finalproject\project\inetchat\chat_client\x64\debug\moc\moc_messagewdelegate.cpp
c:\01_masastudying\21_finalproject\project\inetchat\chat_client\x64\debug\vc143.pdb
c:\01_masastudying\21_finalproject\project\inetchat\chat_client\x64\debug\chatclient.obj
c:\01_masastudying\21_finalproject\project\inetchat\chat_client\x64\debug\main.obj
c:\01_masastudying\21_finalproject\project\inetchat\chat_client\x64\debug\messagewview.obj
c:\01_masastudying\21_finalproject\project\inetchat\chat_client\x64\debug\chatwdelegate.obj
c:\01_masastudying\21_finalproject\project\inetchat\chat_client\x64\debug\chatwview.obj
c:\01_masastudying\21_finalproject\project\inetchat\chat_client\x64\debug\messagewdelegate.obj
c:\01_masastudying\21_finalproject\project\inetchat\chat_client\x64\debug\chatwmodel.obj
c:\01_masastudying\21_finalproject\project\inetchat\chat_client\x64\debug\client.obj
c:\01_masastudying\21_finalproject\project\inetchat\chat_client\x64\debug\messagewmodel.obj
c:\01_masastudying\21_finalproject\project\inetchat\chat_client\x64\debug\moc_messageitem.obj
c:\01_masastudying\21_finalproject\project\inetchat\chat_client\x64\debug\moc_messagewview.obj
c:\01_masastudying\21_finalproject\project\inetchat\chat_client\x64\debug\moc_chatwdelegate.obj
c:\01_masastudying\21_finalproject\project\inetchat\chat_client\x64\debug\moc_likeitem.obj
c:\01_masastudying\21_finalproject\project\inetchat\chat_client\x64\debug\moc_messagewdelegate.obj
c:\01_masastudying\21_finalproject\project\inetchat\chat_client\x64\debug\moc_useritem.obj
c:\01_masastudying\21_finalproject\project\inetchat\chat_client\x64\debug\moc_chatwmodel.obj
c:\01_masastudying\21_finalproject\project\inetchat\chat_client\x64\debug\moc_configservice.obj
c:\01_masastudying\21_finalproject\project\inetchat\chat_client\x64\debug\moc_messagewmodel.obj
c:\01_masastudying\21_finalproject\project\inetchat\chat_client\x64\debug\moc_chatwview.obj
c:\01_masastudying\21_finalproject\project\inetchat\chat_client\x64\debug\moc_chatclient.obj
c:\01_masastudying\21_finalproject\project\inetchat\chat_client\x64\debug\moc_chatitem.obj
c:\01_masastudying\21_finalproject\project\inetchat\chat_client\x64\debug\qrc_chatclient.obj
c:\01_masastudying\21_finalproject\project\inetchat\chat_client\x64\debug\moc_client.obj
c:\01_masastudying\21_finalproject\project\inetchat\x64\debug\chatclient\chatclient.exe
c:\01_masastudying\21_finalproject\project\inetchat\x64\debug\chatclient\chatclient.ilk
c:\01_masastudying\21_finalproject\project\inetchat\x64\debug\chatclient\chatclient.pdb
c:\01_masastudying\21_finalproject\project\inetchat\chat_client\x64\debug\chatclient.res
c:\01_masastudying\21_finalproject\project\inetchat\chat_server\..\x64\debug\chatclient\chatclient.pdb
c:\01_masastudying\21_finalproject\project\inetchat\chat_server\..\x64\debug\chatclient\chatclient.ilk
c:\01_masastudying\21_finalproject\project\inetchat\chat_client\x64\debug\chatclient.tlog\chatclient.write.1u.tlog
c:\01_masastudying\21_finalproject\project\inetchat\chat_client\x64\debug\chatclient.tlog\cl.command.1.tlog
c:\01_masastudying\21_finalproject\project\inetchat\chat_client\x64\debug\chatclient.tlog\cl.read.1.tlog
c:\01_masastudying\21_finalproject\project\inetchat\chat_client\x64\debug\chatclient.tlog\cl.write.1.tlog
c:\01_masastudying\21_finalproject\project\inetchat\chat_client\x64\debug\chatclient.tlog\link.command.1.tlog
c:\01_masastudying\21_finalproject\project\inetchat\chat_client\x64\debug\chatclient.tlog\link.read.1.tlog
c:\01_masastudying\21_finalproject\project\inetchat\chat_client\x64\debug\chatclient.tlog\link.write.1.tlog
c:\01_masastudying\21_finalproject\project\inetchat\chat_client\x64\debug\chatclient.tlog\moc.read.1u.tlog
c:\01_masastudying\21_finalproject\project\inetchat\chat_client\x64\debug\chatclient.tlog\moc.write.1u.tlog
c:\01_masastudying\21_finalproject\project\inetchat\chat_client\x64\debug\chatclient.tlog\rc.command.1.tlog
c:\01_masastudying\21_finalproject\project\inetchat\chat_client\x64\debug\chatclient.tlog\rc.read.1.tlog
c:\01_masastudying\21_finalproject\project\inetchat\chat_client\x64\debug\chatclient.tlog\rc.write.1.tlog
c:\01_masastudying\21_finalproject\project\inetchat\chat_client\x64\debug\chatclient.tlog\rcc.read.1u.tlog
c:\01_masastudying\21_finalproject\project\inetchat\chat_client\x64\debug\chatclient.tlog\rcc.write.1u.tlog
c:\01_masastudying\21_finalproject\project\inetchat\chat_client\x64\debug\chatclient.tlog\uic.read.1u.tlog
c:\01_masastudying\21_finalproject\project\inetchat\chat_client\x64\debug\chatclient.tlog\uic.write.1u.tlog
